<?xml version="1.0" encoding="UTF-8"?>
<!-- Generated by org.testng.reporters.JUnitReportReporter -->
<testsuite hostname="HPEliteBook" failures="0" tests="1" name="org.testone.TestingBottomMenu" time="125.384" errors="0" timestamp="2024-03-25T12:20:11 IST" skipped="0">
  <testcase classname="org.testone.TestingBottomMenu" name="testCase004" time="125.384"/>
  <system-out/>
</testsuite> <!-- org.testone.TestingBottomMenu -->
