<?xml version="1.0" encoding="UTF-8"?>
<!-- Generated by org.testng.reporters.JUnitReportReporter -->
<testsuite hostname="HPEliteBook" failures="0" tests="4" name="org.testone.TestingSignin" time="129.777" errors="0" timestamp="2024-03-25T12:20:11 IST" skipped="0">
  <testcase classname="org.testone.TestingSignin" name="testcase001" time="30.903"/>
  <system-out/>
  <testcase classname="org.testone.TestingSignin" name="testcase001" time="34.501"/>
  <system-out/>
  <testcase classname="org.testone.TestingSignin" name="testcase001" time="31.897"/>
  <system-out/>
  <testcase classname="org.testone.TestingSignin" name="testcase001" time="32.476"/>
  <system-out/>
</testsuite> <!-- org.testone.TestingSignin -->
