<?xml version="1.0" encoding="UTF-8"?>
<!-- Generated by org.testng.reporters.JUnitReportReporter -->
<testsuite hostname="HPEliteBook" failures="0" tests="1" name="org.testone.TestingAddtocart" time="98.418" errors="0" timestamp="2024-03-23T22:56:41 IST" skipped="0">
  <testcase classname="org.testone.TestingAddtocart" name="testCase005" time="98.418"/>
  <system-out/>
</testsuite> <!-- org.testone.TestingAddtocart -->
