<?xml version="1.0" encoding="UTF-8"?>
<!-- Generated by org.testng.reporters.JUnitReportReporter -->
<testsuite hostname="HPEliteBook" failures="0" tests="1" name="org.testone.TestingMenu" time="122.842" errors="0" timestamp="2024-03-24T12:51:17 IST" skipped="0">
  <testcase classname="org.testone.TestingMenu" name="testCase003" time="122.842"/>
</testsuite> <!-- org.testone.TestingMenu -->
