<?xml version="1.0" encoding="UTF-8"?>
<!-- Generated by org.testng.reporters.JUnitReportReporter -->
<testsuite hostname="HPEliteBook" failures="0" tests="1" name="org.testone.TestingAdditemfrommenu" time="47.283" errors="0" timestamp="2024-03-25T13:07:33 IST" skipped="0">
  <testcase classname="org.testone.TestingAdditemfrommenu" name="testCase09" time="47.283"/>
</testsuite> <!-- org.testone.TestingAdditemfrommenu -->
