<?xml version="1.0" encoding="UTF-8"?>
<!-- Generated by org.testng.reporters.JUnitReportReporter -->
<testsuite hostname="HPEliteBook" failures="0" tests="1" name="org.testone.TestingLogin" time="26.010" errors="0" timestamp="2024-03-24T17:34:00 IST" skipped="0">
  <testcase classname="org.testone.TestingLogin" name="testCase002" time="26.010"/>
</testsuite> <!-- org.testone.TestingLogin -->
