<?xml version="1.0" encoding="UTF-8"?>
<!-- Generated by org.testng.reporters.JUnitReportReporter -->
<testsuite hostname="HPEliteBook" failures="0" tests="1" name="org.testone.TestingMenu" time="92.822" errors="0" timestamp="2024-03-24T19:02:43 IST" skipped="0">
  <testcase classname="org.testone.TestingMenu" name="testCase003" time="92.822"/>
</testsuite> <!-- org.testone.TestingMenu -->
