<?xml version="1.0" encoding="UTF-8"?>
<!-- Generated by org.testng.reporters.JUnitReportReporter -->
<testsuite hostname="HPEliteBook" failures="0" tests="1" name="org.testone.TestingAdditemfrommenu" time="58.663" errors="0" timestamp="2024-03-25T18:50:43 IST" skipped="0">
  <testcase classname="org.testone.TestingAdditemfrommenu" name="testCase09" time="58.663"/>
</testsuite> <!-- org.testone.TestingAdditemfrommenu -->
