<?xml version="1.0" encoding="UTF-8"?>
<!-- Generated by org.testng.reporters.JUnitReportReporter -->
<testsuite hostname="HPEliteBook" failures="0" tests="1" name="org.testone.TestingLogin" time="126.221" errors="0" timestamp="2024-03-24T19:02:43 IST" skipped="0">
  <testcase classname="org.testone.TestingLogin" name="testCase002" time="126.221"/>
</testsuite> <!-- org.testone.TestingLogin -->
