<?xml version="1.0" encoding="UTF-8"?>
<!-- Generated by org.testng.reporters.JUnitReportReporter -->
<testsuite hostname="HPEliteBook" failures="0" tests="4" name="org.testone.TestingSignin" time="118.125" errors="0" timestamp="2024-03-25T18:50:43 IST" skipped="0">
  <testcase classname="org.testone.TestingSignin" name="testcase001" time="27.348"/>
  <testcase classname="org.testone.TestingSignin" name="testcase001" time="31.959"/>
  <testcase classname="org.testone.TestingSignin" name="testcase001" time="31.365"/>
  <testcase classname="org.testone.TestingSignin" name="testcase001" time="27.453"/>
</testsuite> <!-- org.testone.TestingSignin -->
